Arguments: 
  /usr/local/Cellar/node/19.7.0/bin/node /usr/local/bin/yarn -i

PATH: 
  /Users/home/miniconda3/bin:/usr/local/opt/grep/libexec/gnubin:/usr/local/bin:/System/Cryptexes/App/usr/bin:/usr/bin:/bin:/usr/sbin:/sbin:/Applications/VMware Fusion.app/Contents/Public:/Library/Frameworks/Mono.framework/Versions/Current/Commands:/usr/local/opt/grep/libexec/gnubin:/Users/home/.composer/vendor/bin:/Users/home/.composer/vendor/bin

Yarn version: 
  1.22.19

Node version: 
  19.7.0

Platform: 
  darwin x64

Trace: 
  Error: https://registry.yarnpkg.com/shared-helpers: Not found
      at params.callback [as _callback] (/usr/local/lib/node_modules/yarn/lib/cli.js:66145:18)
      at self.callback (/usr/local/lib/node_modules/yarn/lib/cli.js:140890:22)
      at Request.emit (node:events:512:28)
      at Request.<anonymous> (/usr/local/lib/node_modules/yarn/lib/cli.js:141862:10)
      at Request.emit (node:events:512:28)
      at IncomingMessage.<anonymous> (/usr/local/lib/node_modules/yarn/lib/cli.js:141784:12)
      at Object.onceWrapper (node:events:626:28)
      at IncomingMessage.emit (node:events:524:35)
      at endReadableNT (node:internal/streams/readable:1359:12)
      at process.processTicksAndRejections (node:internal/process/task_queues:82:21)

npm manifest: 
  {
    "name": "app-binav",
    "author": "jonatan verstraete",
    "private": true,
    "version": "0.1.0",
    "main": "./src/main.tsx",
    "dependencies": {
      "@chakra-ui/react": "^2.5.1",
      "@emotion/react": "^11.10.6",
      "@emotion/styled": "^11.10.6",
      "@ant-design/icons": "4.0.0",
      "@tanstack/react-query": "^4.28.0",
      "@tanstack/react-table": "^8.8.5",
      "@vitejs/plugin-react": "^3.1.0",
      "@fortawesome/fontawesome-svg-core": "^6.4.0",
      "@fortawesome/free-solid-svg-icons": "^6.4.0",
      "@testing-library/jest-dom": "^5.16.5",
      "@testing-library/react": "^13.4.0",
      "@testing-library/user-event": "^13.5.0",
      "axios": "^1.3.4",
      "framer-motion": "^10.2.4",
      "react": "^18.2.0",
      "react-dom": "^18.2.0",
      "react-router-dom": "^6.9.0",
      "react-scripts": "5.0.1",
      "shared-helpers": "*",
      "shared-utils": "*",
      "uniqid": "^5.4.0",
      "vite": "^4.2.0",
      "file-saver": "^2.0.5",
      "json-loader": "^0.5.7",
      "leaflet": "^1.9.3",
      "leaflet-routing-machine": "^3.2.12",
      "leaflet-sidebar": "^0.2.4",
      "react-bootstrap": "^2.7.2",
      "react-bootstrap-icons": "^1.10.3",
      "react-icons": "^4.8.0",
      "react-leaflet": "^4.2.1",
      "react-leaflet-v2-sidebar": "^1.0.2",
      "react-toastify": "^9.1.2",
      "sass": "^1.61.0",
      "web-vitals": "^2.1.4"
    },
    "scripts": {
      "dev": "vite --port 3002 --strictPort",
      "build": "vite build",
      "preview": "vite preview --port 3002 --strictPort"
    },
    "eslintConfig": {
      "extends": [
        "react-app",
        "react-app/jest"
      ]
    },
    "browserslist": {
      "production": [
        ">0.2%",
        "not dead",
        "not op_mini all"
      ],
      "development": [
        "last 1 chrome version",
        "last 1 firefox version",
        "last 1 safari version"
      ]
    },
    "devDependencies": {
      "@types/leaflet": "^1.9.3",
      "@types/jest": "^27.5.2",
      "@types/node": "^16.18.12",
      "@types/react": "^18.0.28",
      "@types/react-dom": "^18.0.11",
      "@types/uniqid": "^5.3.2",
      "typescript": "^4.9.3"
    }
  }

yarn manifest: 
  No manifest

Lockfile: 
  No lockfile
